17:32:07: Executing 'run -Dfile.encoding=UTF-8'…

[FontUtils] Checking font file: C:/Windows/Fonts/msyh.ttc, exists: true
[FontUtils] Successfully loaded font from: C:/Windows/Fonts/msyh.ttc
[FontUtils] Generated character set length: 1493
[FontUtils] Generated default font (24px)
[FontUtils] Generated large font (36px)
[FontUtils] Generated small font (18px)
[FontUtils] Test Chinese text width: 0.0
[FontUtils] All fonts generated successfully from: C:/Windows/Fonts/msyh.ttc
[I18N] I18N initialized with locale: zh_CN, bundle size: zh_CN
[LifeConfigLoader] Loaded config: initialHealth=50, damagePerEnemy=1
[I18N] Bundle file not found: i18n/i18n
[LifeConfigLoader] Loaded config: initialHealth=50, damagePerEnemy=1
[CharacterStatsLoader] Loaded 25 character stats
[RoguelikeScreen] Tiled resources loaded
[RoguelikeConfig] Config loaded from roguelike_config.json
[RoguelikeEnemyPool] Loaded 5 tier configs
[GameUIManager] Skin loaded successfully
[GameEventSystem] Registered listener: GameUIManager
[GameEventSystem] Posting event: GoldEarnEvent
[GameEventSystem] Registered listener: BattleManager
[GameEventSystem] Registered listener: EconomyManager
[GameEventSystem] Registered listener: CardManager
[GameEventSystem] Registered listener: SynergyPanelManager
[SynergyPanelManager] onEnter: registered listener
[GameEventSystem] Registered listener: RoguelikeGameMode
[RoguelikeGameMode] Game mode initialized - Stage 1
[RoguelikeScreen] Screen shown
[GameEventDispatcher] Dispatching 1 events to 6 listeners
[GameEventDispatcher] Dispatching event: GoldEarnEvent
[RoguelikeGameMode] Received event: GoldEarnEvent
[GameEventSystem] Posting event: CardBuyEvent
[GameEventSystem] Posting event: GoldSpendEvent
[GameEventDispatcher] Dispatching 2 events to 6 listeners
[GameEventDispatcher] Dispatching event: CardBuyEvent
[RoguelikeGameMode] Received event: CardBuyEvent
[GameEventDispatcher] Dispatching event: GoldSpendEvent
[RoguelikeGameMode] Received event: GoldSpendEvent
[GameEventSystem] Posting event: CardBuyEvent
[GameEventSystem] Posting event: GoldSpendEvent
[GameEventDispatcher] Dispatching 2 events to 6 listeners
[GameEventDispatcher] Dispatching event: CardBuyEvent
[RoguelikeGameMode] Received event: CardBuyEvent
[GameEventDispatcher] Dispatching event: GoldSpendEvent
[RoguelikeGameMode] Received event: GoldSpendEvent
[GameEventSystem] Posting event: CardBuyEvent
[GameEventSystem] Posting event: GoldSpendEvent
[GameEventDispatcher] Dispatching 2 events to 6 listeners
[GameEventDispatcher] Dispatching event: CardBuyEvent
[RoguelikeGameMode] Received event: CardBuyEvent
[GameEventDispatcher] Dispatching event: GoldSpendEvent
[RoguelikeGameMode] Received event: GoldSpendEvent
[GameEventSystem] Posting event: CardBuyEvent
[GameEventSystem] Posting event: GoldSpendEvent
[GameEventDispatcher] Dispatching 2 events to 6 listeners
[GameEventDispatcher] Dispatching event: CardBuyEvent
[RoguelikeGameMode] Received event: CardBuyEvent
[GameEventDispatcher] Dispatching event: GoldSpendEvent
[RoguelikeGameMode] Received event: GoldSpendEvent
[GameEventSystem] Posting event: CardBuyEvent
[GameEventSystem] Posting event: GoldSpendEvent
[GameEventDispatcher] Dispatching 2 events to 6 listeners
[GameEventDispatcher] Dispatching event: CardBuyEvent
[RoguelikeGameMode] Received event: CardBuyEvent
[GameEventDispatcher] Dispatching event: GoldSpendEvent
[RoguelikeGameMode] Received event: GoldSpendEvent
[GameEventSystem] Posting event: DragStartedEvent
[GameEventDispatcher] Dispatching 1 events to 6 listeners
[GameEventDispatcher] Dispatching event: DragStartedEvent
[RoguelikeGameMode] Received event: DragStartedEvent
[GameEventSystem] Posting event: DragCancelledEvent
[GameEventDispatcher] Dispatching 1 events to 6 listeners
[GameEventDispatcher] Dispatching event: DragCancelledEvent
[RoguelikeGameMode] Received event: DragCancelledEvent
[GameEventSystem] Posting event: DragStartedEvent
[GameEventDispatcher] Dispatching 1 events to 6 listeners
[GameEventDispatcher] Dispatching event: DragStartedEvent
[RoguelikeGameMode] Received event: DragStartedEvent
[GameEventSystem] Posting event: DragCancelledEvent
[GameEventDispatcher] Dispatching 1 events to 6 listeners
[GameEventDispatcher] Dispatching event: DragCancelledEvent
[RoguelikeGameMode] Received event: DragCancelledEvent
[GameEventSystem] Posting event: DragStartedEvent
[GameEventDispatcher] Dispatching 1 events to 6 listeners
[GameEventDispatcher] Dispatching event: DragStartedEvent
[RoguelikeGameMode] Received event: DragStartedEvent
[GameEventSystem] Posting event: DragCancelledEvent
[GameEventDispatcher] Dispatching 1 events to 6 listeners
[GameEventDispatcher] Dispatching event: DragCancelledEvent
[RoguelikeGameMode] Received event: DragCancelledEvent
[GameEventSystem] Posting event: DragStartedEvent
[GameEventDispatcher] Dispatching 1 events to 6 listeners
[GameEventDispatcher] Dispatching event: DragStartedEvent
[RoguelikeGameMode] Received event: DragStartedEvent
[GameEventSystem] Posting event: DragCancelledEvent
[GameEventDispatcher] Dispatching 1 events to 6 listeners
[GameEventDispatcher] Dispatching event: DragCancelledEvent
[RoguelikeGameMode] Received event: DragCancelledEvent
[GameEventSystem] Posting event: DragStartedEvent
[GameEventDispatcher] Dispatching 1 events to 6 listeners
[GameEventDispatcher] Dispatching event: DragStartedEvent
[RoguelikeGameMode] Received event: DragStartedEvent
[GameEventSystem] Posting event: DragCancelledEvent
[GameEventDispatcher] Dispatching 1 events to 6 listeners
[GameEventDispatcher] Dispatching event: DragCancelledEvent
[RoguelikeGameMode] Received event: DragCancelledEvent
[RoguelikeScreen] Start battle button clicked, current phase: PLACEMENT
[RoguelikeGameMode] === startBattle() called ===
[RoguelikeGameMode]     at com.voidvvv.autochess.game.RoguelikeGameMode.startBattle(RoguelikeGameMode.java:232)
[RoguelikeGameMode]     at com.voidvvv.autochess.screens.RoguelikeScreen$1.onStartBattleButtonClicked(RoguelikeScreen.java:190)
[RoguelikeGameMode]     at com.voidvvv.autochess.ui.GameUIManager.onStartBattleButtonClicked(GameUIManager.java:665)
[RoguelikeGameMode]     at com.voidvvv.autochess.ui.GameUIManager$3.clicked(GameUIManager.java:252)
[RoguelikeGameMode]     at com.badlogic.gdx.scenes.scene2d.utils.ClickListener.touchUp(ClickListener.java:88)
[RoguelikeGameMode] Starting battle at stage 1, type: NORMAL
[RoguelikeGameMode] Generated 3 enemies: [143, 143, 141]
[GameEventSystem] Posting event: PhaseTransitionEvent
[GameEventSystem] Posting event: BattleStartEvent
[GameEventDispatcher] Dispatching 2 events to 6 listeners
[GameEventDispatcher] Dispatching event: PhaseTransitionEvent
[RoguelikeGameMode] Received event: PhaseTransitionEvent
[GameEventDispatcher] Dispatching event: BattleStartEvent
[RoguelikeGameMode] Received event: BattleStartEvent
[GameEventSystem] Posting event: SkillCastEvent
[BuffSkill] Applied buff to 精英法师: +30.0% attack for 5.0 seconds
[BuffSkill] Applied buff to 精英法师: +30.0% attack for 5.0 seconds
[BuffSkill] Applied buff to 新手战士: +30.0% attack for 5.0 seconds
[BuffSkill] Applied buff to 新手战士: +30.0% attack for 5.0 seconds
[BuffSkill] Applied buff to 新手法师: +30.0% attack for 5.0 seconds
[BuffSkill] [新手战士] cast 增益 on 5 allies, duration: 5.0, value: 30.0
[GameEventSystem] Posting event: SkillCastEvent
[DebuffSkill] Applied debuff to 新手战士: -25.0% attack for 5.0 seconds
[DebuffSkill] [新手刺客] cast 减益 on 新手战士, duration: 5.0, value: 25.0
[GameEventSystem] Posting event: SkillCastEvent
[DebuffSkill] Applied debuff to 精英法师: -25.0% attack for 5.0 seconds
[DebuffSkill] [新手刺客] cast 减益 on 精英法师, duration: 5.0, value: 25.0
[GameEventDispatcher] Dispatching 3 events to 6 listeners
[GameEventDispatcher] Dispatching event: SkillCastEvent
[RoguelikeGameMode] Received event: SkillCastEvent
[GameEventDispatcher] Dispatching event: SkillCastEvent
[RoguelikeGameMode] Received event: SkillCastEvent
[GameEventDispatcher] Dispatching event: SkillCastEvent
[RoguelikeGameMode] Received event: SkillCastEvent
[GameEventSystem] Posting event: SkillCastEvent
[AoeSkill] [精英法师] cast AOE伤害 on 1 targets, range: 100.0, damage: 50.0
[GameEventSystem] Posting event: SkillCastEvent
[AoeSkill] [精英法师] cast AOE伤害 on 1 targets, range: 100.0, damage: 50.0
[GameEventSystem] Posting event: SkillCastEvent
[AoeSkill] [新手法师] cast AOE伤害 on 0 targets, range: 80.0, damage: 40.0
[GameEventDispatcher] Dispatching 3 events to 6 listeners
[GameEventDispatcher] Dispatching event: SkillCastEvent
[RoguelikeGameMode] Received event: SkillCastEvent
[GameEventDispatcher] Dispatching event: SkillCastEvent
[RoguelikeGameMode] Received event: SkillCastEvent
[GameEventDispatcher] Dispatching event: SkillCastEvent
[RoguelikeGameMode] Received event: SkillCastEvent
[GameEventSystem] Posting event: SkillCastEvent
[BuffSkill] Applied buff to 精英法师: +30.0% attack for 5.0 seconds
[BuffSkill] Applied buff to 精英法师: +30.0% attack for 5.0 seconds
[BuffSkill] Applied buff to 新手战士: +30.0% attack for 5.0 seconds
[BuffSkill] Applied buff to 新手战士: +30.0% attack for 5.0 seconds
[BuffSkill] Applied buff to 新手法师: +30.0% attack for 5.0 seconds
[BuffSkill] [新手战士] cast 增益 on 5 allies, duration: 5.0, value: 30.0
[GameEventSystem] Posting event: SkillCastEvent
[DebuffSkill] Applied debuff to 新手战士: -25.0% attack for 5.0 seconds
[DebuffSkill] [新手刺客] cast 减益 on 新手战士, duration: 5.0, value: 25.0
[GameEventDispatcher] Dispatching 2 events to 6 listeners
[GameEventDispatcher] Dispatching event: SkillCastEvent
[RoguelikeGameMode] Received event: SkillCastEvent
[GameEventDispatcher] Dispatching event: SkillCastEvent
[RoguelikeGameMode] Received event: SkillCastEvent
